<?xml version="1.0" encoding="UTF-8"?>
<!-- Generated by org.testng.reporters.JUnitReportReporter -->
<testsuite skipped="0" hostname="LAPTOP-E1TSF325" name="com.actime.testscripts.CreateCustomerTest" tests="1" failures="0" timestamp="16 Apr 2019 12:02:49 GMT" time="21.129" errors="0">
  <testcase name="newCustomer" time="21.129" classname="com.actime.testscripts.CreateCustomerTest"/>
</testsuite> <!-- com.actime.testscripts.CreateCustomerTest -->
